<?xml version="1.0" encoding="UTF-8"?>
<testsuite name="edu.eci.arsw.blueprints.test.services.ApplicationServicesTests" tests="1" skipped="0" failures="0" errors="0" timestamp="2020-03-03T23:20:12" hostname="sistemas54" time="0.001">
  <properties/>
  <testcase name="contextLoads" classname="edu.eci.arsw.blueprints.test.services.ApplicationServicesTests" time="0.001"/>
  <system-out><![CDATA[]]></system-out>
  <system-err><![CDATA[]]></system-err>
</testsuite>
